INFO:Created Employee: John Smith - John.Smith@email.com
INFO:Created Employee: salim kabeer - salim.kabeer@email.com
INFO:Created Employee: John Smith - John.Smith@email.com
INFO:Created Employee: salim kabeer - salim.kabeer@email.com
INFO:Created Employee: John Smith - John.Smith@email.com
INFO:Created Employee: salim kabeer - salim.kabeer@email.com
INFO:Add: 20 + 10 = 30
INFO:Created Employee: John Smith - John.Smith@email.com
INFO:Created Employee: salim kabeer - salim.kabeer@email.com
INFO:Add: 20 + 10 = 30
INFO:sub: 20 + 10 = 10
INFO:__main__:Created Employee: John Smith - John.Smith@email.com
INFO:__main__:Created Employee: salim kabeer - salim.kabeer@email.com
INFO:employee:Created Employee: John Smith - John.Smith@email.com
INFO:employee:Created Employee: salim kabeer - salim.kabeer@email.com

INFO:employee:Created Employee: John Smith - John.Smith@email.com
INFO:employee:Created Employee: salim kabeer - salim.kabeer@email.com
INFO:employee:Created Employee: John Smith - John.Smith@email.com
INFO:employee:Created Employee: salim kabeer - salim.kabeer@email.com
INFO:employee:Created Employee: John Smith - John.Smith@email.com
INFO:employee:Created Employee: salim kabeer - salim.kabeer@email.com
INFO:employee:Created Employee: John Smith - John.Smith@email.com
INFO:employee:Created Employee: salim kabeer - salim.kabeer@email.com
INFO:employee:Created Employee: John Smith - John.Smith@email.com
INFO:employee:Created Employee: salim kabeer - salim.kabeer@email.com
INFO:employee:Created Employee: John Smith - John.Smith@email.com
INFO:employee:Created Employee: salim kabeer - salim.kabeer@email.com
INFO:employee:Created Employee: John Smith - John.Smith@email.com
INFO:employee:Created Employee: salim kabeer - salim.kabeer@email.com
INFO:employee:Created Employee: John Smith - John.Smith@email.com
INFO:employee:Created Employee: salim kabeer - salim.kabeer@email.com
